[2026-02-04 11:00:00] 本地提交...
[main b46d8e0] sync: 2026-02-04 11:00
 1 file changed, 1 insertion(+)
 create mode 100644 logs/sync-memory.log
[2026-02-04 11:00:02] 本地推送失败（可能没有新提交）
[2026-02-04 11:00:02] 同步硅谷服务器 (Git)...
HEAD is now at ba879fd sync: 2026-02-04 10:32
[2026-02-04 11:00:07] 同步北京服务器 (rsync)...
Transfer starting: 4 files

sent 186 bytes  received 20 bytes  3070 bytes/sec
total size is 16050  speedup is 77.91
Transfer starting: 4 files

sent 178 bytes  received 20 bytes  8215 bytes/sec
total size is 10499  speedup is 53.02
[2026-02-04 11:00:09] 同步完成
[2026-02-04 12:00:00] 本地提交...
[main bbc5ba7] sync: 2026-02-04 12:00
 1 file changed, 17 insertions(+)
[2026-02-04 12:00:01] 本地推送失败（可能没有新提交）
[2026-02-04 12:00:01] 同步硅谷服务器 (Git)...
HEAD is now at 84dff96 日记: 2026-02-04 记忆共享架构与新闻简报任务
[2026-02-04 12:00:04] 同步北京服务器 (rsync)...
Transfer starting: 5 files
./
2026-02-04.md

sent 1158 bytes  received 48 bytes  5129 bytes/sec
total size is 17352  speedup is 14.39
Transfer starting: 4 files

sent 178 bytes  received 20 bytes  2824 bytes/sec
total size is 10499  speedup is 53.02
[2026-02-04 12:00:07] 同步完成
[2026-02-04 13:00:00] 本地提交...
